<?xml version="1.0" encoding="UTF-8"?>
<!-- Generated by org.testng.reporters.JUnitXMLReporter -->
<testsuite hostname="ASDA0086" name="Default test" tests="3" failures="0" timestamp="16 Jul 2018 11:15:50 GMT" time="31.718" errors="0">
  <testcase name="verifyUserGmailAccountLogin" time="9.922" classname="com.qait.demo.tests.GmailTest"/>
  <testcase name="verifyFolderCreation" time="15.255" classname="com.qait.demo.tests.GmailTest"/>
  <testcase name="movingMailToExistingLabel" time="5.503" classname="com.qait.demo.tests.GmailTest"/>
</testsuite> <!-- Default test -->
